[debug] [2022-08-09T20:11:54.288Z] ----------------------------------------------------------------------
[debug] [2022-08-09T20:11:54.290Z] Command:       C:\Program Files\nodejs\node.exe C:\Users\Hamza\AppData\Roaming\npm\node_modules\firebase-tools\lib\bin\firebase.js init hosting
[debug] [2022-08-09T20:11:54.290Z] CLI Version:   11.5.0
[debug] [2022-08-09T20:11:54.291Z] Platform:      win32
[debug] [2022-08-09T20:11:54.291Z] Node Version:  v16.16.0
[debug] [2022-08-09T20:11:54.292Z] Time:          Tue Aug 09 2022 21:11:54 GMT+0100 (heure normale d’Afrique de l’Ouest)
[debug] [2022-08-09T20:11:54.292Z] ----------------------------------------------------------------------
[debug] 
[debug] [2022-08-09T20:11:54.299Z] > command requires scopes: ["email","openid","https://www.googleapis.com/auth/cloudplatformprojects.readonly","https://www.googleapis.com/auth/firebase","https://www.googleapis.com/auth/cloud-platform"]
[debug] [2022-08-09T20:11:54.300Z] > authorizing via signed-in user (boukaderhamza71@gmail.com)
[info] 
     ######## #### ########  ######## ########     ###     ######  ########
     ##        ##  ##     ## ##       ##     ##  ##   ##  ##       ##
     ######    ##  ########  ######   ########  #########  ######  ######
     ##        ##  ##    ##  ##       ##     ## ##     ##       ## ##
     ##       #### ##     ## ######## ########  ##     ##  ######  ########

You're about to initialize a Firebase project in this directory:

  C:\Users\Hamza\askanswer

[info] 
=== Project Setup
[info] 
[info] First, let's associate this project directory with a Firebase project.
[info] You can create multiple project aliases by running firebase use --add, 
[info] but for now we'll just set up a default project.
[info] 
[debug] [2022-08-09T20:12:00.503Z] >>> [apiv2][query] GET https://firebase.googleapis.com/v1beta1/projects pageSize=100
[debug] [2022-08-09T20:12:01.089Z] <<< [apiv2][status] GET https://firebase.googleapis.com/v1beta1/projects 200
[debug] [2022-08-09T20:12:01.089Z] <<< [apiv2][body] GET https://firebase.googleapis.com/v1beta1/projects [omitted]
[info] i  Using project ask-and-answer-subjects (ask and Answer customers) 
[info] 
=== Hosting Setup
[info] 
[info] Your public directory is the folder (relative to your project directory) that
[info] will contain Hosting assets to be uploaded with firebase deploy. If you
[info] have a build process for your assets, use your build's output directory.
[info] 
[info] +  Wrote public/404.html 
[debug] [2022-08-09T20:12:37.661Z] >>> [apiv2][query] GET https://www.gstatic.com/firebasejs/releases.json [none]
[debug] [2022-08-09T20:12:37.886Z] <<< [apiv2][status] GET https://www.gstatic.com/firebasejs/releases.json 200
[debug] [2022-08-09T20:12:37.887Z] <<< [apiv2][body] GET https://www.gstatic.com/firebasejs/releases.json {"current":{"version":"9.9.2","browserURL":"https://www.gstatic.com/firebasejs/9.9.2/firebase.js","packageURL":"https://www.gstatic.com/firebasejs/9.9.2/firebase.tgz"},"live":{"version":"9.9","browserURL":"https://www.gstatic.com/firebasejs/live/9.9/firebase.js","packageURL":"https://www.gstatic.com/firebasejs/live/9.9/firebase.tgz"},"components":{"analytics":"https://www.gstatic.com/firebasejs/9.9.2/firebase-analytics.js","app":"https://www.gstatic.com/firebasejs/9.9.2/firebase-app.js","app-check":"https://www.gstatic.com/firebasejs/9.9.2/firebase-app-check.js","auth":"https://www.gstatic.com/firebasejs/9.9.2/firebase-auth.js","auth/cordova":"https://www.gstatic.com/firebasejs/9.9.2/firebase-auth/cordova.js","auth/react-native":"https://www.gstatic.com/firebasejs/9.9.2/firebase-auth/react-native.js","functions":"https://www.gstatic.com/firebasejs/9.9.2/firebase-functions.js","firestore":"https://www.gstatic.com/firebasejs/9.9.2/firebase-firestore.js","firestore/lite":"https://www.gstatic.com/firebasejs/9.9.2/firebase-firestore/lite.js","installations":"https://www.gstatic.com/firebasejs/9.9.2/firebase-installations.js","storage":"https://www.gstatic.com/firebasejs/9.9.2/firebase-storage.js","performance":"https://www.gstatic.com/firebasejs/9.9.2/firebase-performance.js","remote-config":"https://www.gstatic.com/firebasejs/9.9.2/firebase-remote-config.js","messaging":"https://www.gstatic.com/firebasejs/9.9.2/firebase-messaging.js","messaging/sw":"https://www.gstatic.com/firebasejs/9.9.2/firebase-messaging/sw.js","database":"https://www.gstatic.com/firebasejs/9.9.2/firebase-database.js","firestore.memory":"https://www.gstatic.com/firebasejs/9.9.2/firebase-firestore.memory.js"}}
[debug] [2022-08-09T20:12:54.831Z] ----------------------------------------------------------------------
[debug] [2022-08-09T20:12:54.833Z] Command:       C:\Program Files\nodejs\node.exe C:\Users\Hamza\AppData\Roaming\npm\node_modules\firebase-tools\lib\bin\firebase.js init hosting
[debug] [2022-08-09T20:12:54.834Z] CLI Version:   11.5.0
[debug] [2022-08-09T20:12:54.834Z] Platform:      win32
[debug] [2022-08-09T20:12:54.834Z] Node Version:  v16.16.0
[debug] [2022-08-09T20:12:54.835Z] Time:          Tue Aug 09 2022 21:12:54 GMT+0100 (heure normale d’Afrique de l’Ouest)
[debug] [2022-08-09T20:12:54.836Z] ----------------------------------------------------------------------
[debug] 
[debug] [2022-08-09T20:12:54.846Z] > command requires scopes: ["email","openid","https://www.googleapis.com/auth/cloudplatformprojects.readonly","https://www.googleapis.com/auth/firebase","https://www.googleapis.com/auth/cloud-platform"]
[debug] [2022-08-09T20:12:54.846Z] > authorizing via signed-in user (boukaderhamza71@gmail.com)
[info] 
     ######## #### ########  ######## ########     ###     ######  ########
     ##        ##  ##     ## ##       ##     ##  ##   ##  ##       ##
     ######    ##  ########  ######   ########  #########  ######  ######
     ##        ##  ##    ##  ##       ##     ## ##     ##       ## ##
     ##       #### ##     ## ######## ########  ##     ##  ######  ########

You're about to initialize a Firebase project in this directory:

  C:\Users\Hamza\askanswer

[info] 
=== Project Setup
[info] 
[info] First, let's associate this project directory with a Firebase project.
[info] You can create multiple project aliases by running firebase use --add, 
[info] but for now we'll just set up a default project.
[info] 
[debug] [2022-08-09T20:12:58.065Z] >>> [apiv2][query] GET https://firebase.googleapis.com/v1beta1/projects pageSize=100
[debug] [2022-08-09T20:12:58.655Z] <<< [apiv2][status] GET https://firebase.googleapis.com/v1beta1/projects 200
[debug] [2022-08-09T20:12:58.655Z] <<< [apiv2][body] GET https://firebase.googleapis.com/v1beta1/projects [omitted]
[info] i  Using project ask-and-answer-subjects (ask and Answer customers) 
[info] 
=== Hosting Setup
[info] 
[info] Your public directory is the folder (relative to your project directory) that
[info] will contain Hosting assets to be uploaded with firebase deploy. If you
[info] have a build process for your assets, use your build's output directory.
[info] 
[info] i  Skipping write of public/404.html 
[debug] [2022-08-09T20:13:16.880Z] >>> [apiv2][query] GET https://www.gstatic.com/firebasejs/releases.json [none]
[debug] [2022-08-09T20:13:17.040Z] <<< [apiv2][status] GET https://www.gstatic.com/firebasejs/releases.json 200
[debug] [2022-08-09T20:13:17.040Z] <<< [apiv2][body] GET https://www.gstatic.com/firebasejs/releases.json {"current":{"version":"9.9.2","browserURL":"https://www.gstatic.com/firebasejs/9.9.2/firebase.js","packageURL":"https://www.gstatic.com/firebasejs/9.9.2/firebase.tgz"},"live":{"version":"9.9","browserURL":"https://www.gstatic.com/firebasejs/live/9.9/firebase.js","packageURL":"https://www.gstatic.com/firebasejs/live/9.9/firebase.tgz"},"components":{"analytics":"https://www.gstatic.com/firebasejs/9.9.2/firebase-analytics.js","app":"https://www.gstatic.com/firebasejs/9.9.2/firebase-app.js","app-check":"https://www.gstatic.com/firebasejs/9.9.2/firebase-app-check.js","auth":"https://www.gstatic.com/firebasejs/9.9.2/firebase-auth.js","auth/cordova":"https://www.gstatic.com/firebasejs/9.9.2/firebase-auth/cordova.js","auth/react-native":"https://www.gstatic.com/firebasejs/9.9.2/firebase-auth/react-native.js","functions":"https://www.gstatic.com/firebasejs/9.9.2/firebase-functions.js","firestore":"https://www.gstatic.com/firebasejs/9.9.2/firebase-firestore.js","firestore/lite":"https://www.gstatic.com/firebasejs/9.9.2/firebase-firestore/lite.js","installations":"https://www.gstatic.com/firebasejs/9.9.2/firebase-installations.js","storage":"https://www.gstatic.com/firebasejs/9.9.2/firebase-storage.js","performance":"https://www.gstatic.com/firebasejs/9.9.2/firebase-performance.js","remote-config":"https://www.gstatic.com/firebasejs/9.9.2/firebase-remote-config.js","messaging":"https://www.gstatic.com/firebasejs/9.9.2/firebase-messaging.js","messaging/sw":"https://www.gstatic.com/firebasejs/9.9.2/firebase-messaging/sw.js","database":"https://www.gstatic.com/firebasejs/9.9.2/firebase-database.js","firestore.memory":"https://www.gstatic.com/firebasejs/9.9.2/firebase-firestore.memory.js"}}
[info] i  Skipping write of public/index.html 
[info] 
[info] i  Didn't detect a .git folder. Assuming C:\Users\Hamza\askanswer is the project root. 
[info] i  Authorizing with GitHub to upload your service account to a GitHub repository's secrets store. 
[info] 
[info] Visit this URL on this device to log in:
[info] https://github.com/login/oauth/authorize?client_id=89cf50f02ac6aaed3484&state=335144891&redirect_uri=http%3A%2F%2Flocalhost%3A9005&scope=read%3Auser%20repo%20public_repo
[info] 
[info] Waiting for authentication...
[debug] [2022-08-09T20:13:34.358Z] >>> [apiv2][query] POST https://github.com/login/oauth/access_token [none]
[debug] [2022-08-09T20:13:34.358Z] >>> [apiv2][body] POST https://github.com/login/oauth/access_token [stream]
[debug] [2022-08-09T20:13:34.923Z] <<< [apiv2][status] POST https://github.com/login/oauth/access_token 200
[debug] [2022-08-09T20:13:34.923Z] <<< [apiv2][body] POST https://github.com/login/oauth/access_token {"access_token":"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","token_type":"bearer","scope":"read:user,repo"}
[debug] [2022-08-09T20:13:34.932Z] >>> [apiv2][query] GET https://api.github.com/user [none]
[debug] [2022-08-09T20:13:35.537Z] <<< [apiv2][status] GET https://api.github.com/user 200
[debug] [2022-08-09T20:13:35.537Z] <<< [apiv2][body] GET https://api.github.com/user {"login":"Hamza09Hamza","id":94070067,"node_id":"U_kgDOBZtlMw","avatar_url":"https://avatars.githubusercontent.com/u/94070067?v=4","gravatar_id":"","url":"https://api.github.com/users/Hamza09Hamza","html_url":"https://github.com/Hamza09Hamza","followers_url":"https://api.github.com/users/Hamza09Hamza/followers","following_url":"https://api.github.com/users/Hamza09Hamza/following{/other_user}","gists_url":"https://api.github.com/users/Hamza09Hamza/gists{/gist_id}","starred_url":"https://api.github.com/users/Hamza09Hamza/starred{/owner}{/repo}","subscriptions_url":"https://api.github.com/users/Hamza09Hamza/subscriptions","organizations_url":"https://api.github.com/users/Hamza09Hamza/orgs","repos_url":"https://api.github.com/users/Hamza09Hamza/repos","events_url":"https://api.github.com/users/Hamza09Hamza/events{/privacy}","received_events_url":"https://api.github.com/users/Hamza09Hamza/received_events","type":"User","site_admin":false,"name":null,"company":null,"blog":"","location":null,"email":null,"hireable":null,"bio":null,"twitter_username":null,"public_repos":9,"public_gists":0,"followers":0,"following":0,"created_at":"2021-11-10T17:07:19Z","updated_at":"2022-07-17T21:51:14Z","private_gists":0,"total_private_repos":1,"owned_private_repos":1,"disk_usage":36524,"collaborators":0,"two_factor_authentication":false,"plan":{"name":"free","space":976562499,"collaborators":0,"private_repos":10000}}
[info] 
[info] +  Success! Logged into GitHub as Hamza09Hamza 
[info] 
